<?xml version="1.0" encoding="UTF-8"?>
<!-- Generated by org.testng.reporters.JUnitXMLReporter -->
<testsuite hostname="DESKTOP-VD74DVK" name="Test" tests="3" failures="0" timestamp="26 Dec 2019 18:24:42 GMT" time="282.745" errors="0">
  <testcase name="createcontactwithAdministratorTest" time="39.987" classname="com.contact.test1.Contact_TC_21Test"/>
  <testcase name="OpenContactAndDeleteThatContact" time="111.329" classname="com.contact.test1.Contact_TC_22Test"/>
  <testcase name="SelectContactAndDeleteOneContactWithFooterDelete" time="46.769" classname="com.contact.test1.Contact_TC_26Test"/>
</testsuite> <!-- Test -->
