<?xml version="1.0" encoding="UTF-8"?>
<!-- Generated by org.testng.reporters.JUnitXMLReporter -->
<testsuite hostname="DESKTOP-VD74DVK" name="Test" tests="3" failures="0" timestamp="27 Dec 2019 02:26:14 GMT" time="278.97" errors="0">
  <testcase name="createcontactwithAdministratorTest" time="67.877" classname="com.contact.test1.Contact_TC_21Test"/>
  <testcase name="OpenContactAndDeleteThatContact" time="64.073" classname="com.contact.test1.Contact_TC_22Test"/>
  <testcase name="SelectContactAndDeleteOneContactWithFooterDelete" time="32.104" classname="com.contact.test1.Contact_TC_26Test"/>
</testsuite> <!-- Test -->
