<?xml version="1.0" encoding="UTF-8"?>
<testng-results skipped="0" failed="0" total="3" passed="3">
  <reporter-output>
    <line>
      <![CDATA[=========lounch the browser=======]]>
    </line>
    <line>
      <![CDATA[=======login=======]]>
    </line>
    <line>
      <![CDATA[login successfully]]>
    </line>
    <line>
      <![CDATA[Creating New Contact is avilable]]>
    </line>
    <line>
      <![CDATA[contact created]]>
    </line>
    <line>
      <![CDATA[  Administrator  is avilable]]>
    </line>
    <line>
      <![CDATA[logout successfully]]>
    </line>
    <line>
      <![CDATA[=========lounch the browser=======]]>
    </line>
    <line>
      <![CDATA[=======login=======]]>
    </line>
    <line>
      <![CDATA[login successfully]]>
    </line>
    <line>
      <![CDATA[Contact Page displayed]]>
    </line>
    <line>
      <![CDATA[Contact Information Page displayed]]>
    </line>
    <line>
      <![CDATA[Alert Window should pop-up with below details: Are you sure you want to delete this record?]]>
    </line>
    <line>
      <![CDATA[8.Contact information Page Should be displayed]]>
    </line>
    <line>
      <![CDATA[Contact Information Page displayed]]>
    </line>
    <line>
      <![CDATA[Alert Window should pop-up with below details: Are you sure you want to delete this record?]]>
    </line>
    <line>
      <![CDATA[8.Contact information Page Should be displayed]]>
    </line>
    <line>
      <![CDATA[Contact Information Page displayed]]>
    </line>
    <line>
      <![CDATA[Alert Window should pop-up with below details: Are you sure you want to delete this record?]]>
    </line>
    <line>
      <![CDATA[8.Contact information Page Should be displayed]]>
    </line>
    <line>
      <![CDATA[Contact Information Page displayed]]>
    </line>
    <line>
      <![CDATA[Alert Window should pop-up with below details: Are you sure you want to delete this record?]]>
    </line>
    <line>
      <![CDATA[8.Contact information Page Should be displayed]]>
    </line>
    <line>
      <![CDATA[Contact Information Page displayed]]>
    </line>
    <line>
      <![CDATA[Alert Window should pop-up with below details: Are you sure you want to delete this record?]]>
    </line>
    <line>
      <![CDATA[8.Contact information Page Should be displayed]]>
    </line>
    <line>
      <![CDATA[Contacts should not be present]]>
    </line>
    <line>
      <![CDATA[logout successfully]]>
    </line>
    <line>
      <![CDATA[=========lounch the browser=======]]>
    </line>
    <line>
      <![CDATA[=======login=======]]>
    </line>
    <line>
      <![CDATA[login successfully]]>
    </line>
    <line>
      <![CDATA[Contact Page Should be displayed]]>
    </line>
    <line>
      <![CDATA[Contact information Page should be displayed]]>
    </line>
    <line>
      <![CDATA[Contact should be created Successfully]]>
    </line>
    <line>
      <![CDATA[Alert Window should pop-up with below details: Are you sure you want to delete the selected 1 records?]]>
    </line>
    <line>
      <![CDATA[8.Contact information Page Should be displayed=Pass]]>
    </line>
    <line>
      <![CDATA[logout successfully]]>
    </line>
  </reporter-output>
  <suite name="Suite" duration-ms="282745" started-at="2019-12-26T18:19:59Z" finished-at="2019-12-26T18:24:41Z">
    <groups>
    </groups>
    <test name="Test" duration-ms="282745" started-at="2019-12-26T18:19:59Z" finished-at="2019-12-26T18:24:41Z">
      <class name="com.contact.test1.Contact_TC_22Test">
        <test-method status="PASS" signature="configBC()[pri:0, instance:com.contact.test1.Contact_TC_22Test@73ad2d6]" name="configBC" is-config="true" duration-ms="7329" started-at="2019-12-26T23:51:13Z" finished-at="2019-12-26T23:51:21Z">
          <reporter-output>
            <line>
              <![CDATA[=========lounch the browser=======]]>
            </line>
          </reporter-output>
        </test-method> <!-- configBC -->
        <test-method status="PASS" signature="configBM()[pri:0, instance:com.contact.test1.Contact_TC_22Test@73ad2d6]" name="configBM" is-config="true" duration-ms="15664" started-at="2019-12-26T23:51:21Z" finished-at="2019-12-26T23:51:36Z">
          <reporter-output>
            <line>
              <![CDATA[=======login=======]]>
            </line>
            <line>
              <![CDATA[login successfully]]>
            </line>
          </reporter-output>
        </test-method> <!-- configBM -->
        <test-method status="PASS" signature="OpenContactAndDeleteThatContact()[pri:0, instance:com.contact.test1.Contact_TC_22Test@73ad2d6]" name="OpenContactAndDeleteThatContact" duration-ms="111329" started-at="2019-12-26T23:51:36Z" finished-at="2019-12-26T23:53:28Z">
          <reporter-output>
            <line>
              <![CDATA[Contact Page displayed]]>
            </line>
            <line>
              <![CDATA[Contact Information Page displayed]]>
            </line>
            <line>
              <![CDATA[Alert Window should pop-up with below details: Are you sure you want to delete this record?]]>
            </line>
            <line>
              <![CDATA[8.Contact information Page Should be displayed]]>
            </line>
            <line>
              <![CDATA[Contact Information Page displayed]]>
            </line>
            <line>
              <![CDATA[Alert Window should pop-up with below details: Are you sure you want to delete this record?]]>
            </line>
            <line>
              <![CDATA[8.Contact information Page Should be displayed]]>
            </line>
            <line>
              <![CDATA[Contact Information Page displayed]]>
            </line>
            <line>
              <![CDATA[Alert Window should pop-up with below details: Are you sure you want to delete this record?]]>
            </line>
            <line>
              <![CDATA[8.Contact information Page Should be displayed]]>
            </line>
            <line>
              <![CDATA[Contact Information Page displayed]]>
            </line>
            <line>
              <![CDATA[Alert Window should pop-up with below details: Are you sure you want to delete this record?]]>
            </line>
            <line>
              <![CDATA[8.Contact information Page Should be displayed]]>
            </line>
            <line>
              <![CDATA[Contact Information Page displayed]]>
            </line>
            <line>
              <![CDATA[Alert Window should pop-up with below details: Are you sure you want to delete this record?]]>
            </line>
            <line>
              <![CDATA[8.Contact information Page Should be displayed]]>
            </line>
            <line>
              <![CDATA[Contacts should not be present]]>
            </line>
          </reporter-output>
        </test-method> <!-- OpenContactAndDeleteThatContact -->
        <test-method status="PASS" signature="configAM()[pri:0, instance:com.contact.test1.Contact_TC_22Test@73ad2d6]" name="configAM" is-config="true" duration-ms="3" started-at="2019-12-26T23:53:28Z" finished-at="2019-12-26T23:53:28Z">
          <reporter-output>
          </reporter-output>
        </test-method> <!-- configAM -->
        <test-method status="PASS" signature="configAc()[pri:0, instance:com.contact.test1.Contact_TC_22Test@73ad2d6]" name="configAc" is-config="true" duration-ms="1509" started-at="2019-12-26T23:53:28Z" finished-at="2019-12-26T23:53:29Z">
          <reporter-output>
            <line>
              <![CDATA[logout successfully]]>
            </line>
          </reporter-output>
        </test-method> <!-- configAc -->
      </class> <!-- com.contact.test1.Contact_TC_22Test -->
      <class name="com.contact.test1.Contact_TC_21Test">
        <test-method status="PASS" signature="configBC()[pri:0, instance:com.contact.test1.Contact_TC_21Test@3fee9989]" name="configBC" is-config="true" duration-ms="15612" started-at="2019-12-26T23:49:59Z" finished-at="2019-12-26T23:50:14Z">
          <reporter-output>
            <line>
              <![CDATA[=========lounch the browser=======]]>
            </line>
          </reporter-output>
        </test-method> <!-- configBC -->
        <test-method status="PASS" signature="configBM()[pri:0, instance:com.contact.test1.Contact_TC_21Test@3fee9989]" name="configBM" is-config="true" duration-ms="17865" started-at="2019-12-26T23:50:14Z" finished-at="2019-12-26T23:50:32Z">
          <reporter-output>
            <line>
              <![CDATA[=======login=======]]>
            </line>
            <line>
              <![CDATA[login successfully]]>
            </line>
          </reporter-output>
        </test-method> <!-- configBM -->
        <test-method status="PASS" signature="createcontactwithAdministratorTest()[pri:0, instance:com.contact.test1.Contact_TC_21Test@3fee9989]" name="createcontactwithAdministratorTest" duration-ms="39987" started-at="2019-12-26T23:50:32Z" finished-at="2019-12-26T23:51:12Z">
          <reporter-output>
            <line>
              <![CDATA[Creating New Contact is avilable]]>
            </line>
            <line>
              <![CDATA[contact created]]>
            </line>
            <line>
              <![CDATA[  Administrator  is avilable]]>
            </line>
          </reporter-output>
        </test-method> <!-- createcontactwithAdministratorTest -->
        <test-method status="PASS" signature="configAM()[pri:0, instance:com.contact.test1.Contact_TC_21Test@3fee9989]" name="configAM" is-config="true" duration-ms="2" started-at="2019-12-26T23:51:12Z" finished-at="2019-12-26T23:51:12Z">
          <reporter-output>
          </reporter-output>
        </test-method> <!-- configAM -->
        <test-method status="PASS" signature="configAc()[pri:0, instance:com.contact.test1.Contact_TC_21Test@3fee9989]" name="configAc" is-config="true" duration-ms="1164" started-at="2019-12-26T23:51:12Z" finished-at="2019-12-26T23:51:13Z">
          <reporter-output>
            <line>
              <![CDATA[logout successfully]]>
            </line>
          </reporter-output>
        </test-method> <!-- configAc -->
      </class> <!-- com.contact.test1.Contact_TC_21Test -->
      <class name="com.contact.test1.Contact_TC_26Test">
        <test-method status="PASS" signature="configBC()[pri:0, instance:com.contact.test1.Contact_TC_26Test@7085bdee]" name="configBC" is-config="true" duration-ms="7521" started-at="2019-12-26T23:53:29Z" finished-at="2019-12-26T23:53:37Z">
          <reporter-output>
            <line>
              <![CDATA[=========lounch the browser=======]]>
            </line>
          </reporter-output>
        </test-method> <!-- configBC -->
        <test-method status="PASS" signature="configBM()[pri:0, instance:com.contact.test1.Contact_TC_26Test@7085bdee]" name="configBM" is-config="true" duration-ms="16223" started-at="2019-12-26T23:53:37Z" finished-at="2019-12-26T23:53:53Z">
          <reporter-output>
            <line>
              <![CDATA[=======login=======]]>
            </line>
            <line>
              <![CDATA[login successfully]]>
            </line>
          </reporter-output>
        </test-method> <!-- configBM -->
        <test-method status="PASS" signature="SelectContactAndDeleteOneContactWithFooterDelete()[pri:0, instance:com.contact.test1.Contact_TC_26Test@7085bdee]" name="SelectContactAndDeleteOneContactWithFooterDelete" duration-ms="46769" started-at="2019-12-26T23:53:53Z" finished-at="2019-12-26T23:54:40Z">
          <reporter-output>
            <line>
              <![CDATA[Contact Page Should be displayed]]>
            </line>
            <line>
              <![CDATA[Contact information Page should be displayed]]>
            </line>
            <line>
              <![CDATA[Contact should be created Successfully]]>
            </line>
            <line>
              <![CDATA[Alert Window should pop-up with below details: Are you sure you want to delete the selected 1 records?]]>
            </line>
            <line>
              <![CDATA[8.Contact information Page Should be displayed=Pass]]>
            </line>
          </reporter-output>
        </test-method> <!-- SelectContactAndDeleteOneContactWithFooterDelete -->
        <test-method status="PASS" signature="configAM()[pri:0, instance:com.contact.test1.Contact_TC_26Test@7085bdee]" name="configAM" is-config="true" duration-ms="1" started-at="2019-12-26T23:54:40Z" finished-at="2019-12-26T23:54:40Z">
          <reporter-output>
          </reporter-output>
        </test-method> <!-- configAM -->
        <test-method status="PASS" signature="configAc()[pri:0, instance:com.contact.test1.Contact_TC_26Test@7085bdee]" name="configAc" is-config="true" duration-ms="1690" started-at="2019-12-26T23:54:40Z" finished-at="2019-12-26T23:54:41Z">
          <reporter-output>
            <line>
              <![CDATA[logout successfully]]>
            </line>
          </reporter-output>
        </test-method> <!-- configAc -->
      </class> <!-- com.contact.test1.Contact_TC_26Test -->
    </test> <!-- Test -->
  </suite> <!-- Suite -->
</testng-results>
